# JRE version: Java(TM) SE Runtime Environment (8.0_111-b14) (build 1.8.0_111-b14)
# Java VM: Java HotSpot(TM) 64-Bit Server VM (25.111-b14 mixed mode windows-amd64 compressed oops)
Heap:
 PSYoungGen      total 18432K, used 12416K [0x00000000f5600000, 0x00000000f6900000, 0x0000000100000000)
  eden space 17408K, 71% used [0x00000000f5600000,0x00000000f62203f8,0x00000000f6700000)
  from space 1024K, 0% used [0x00000000f6700000,0x00000000f6700000,0x00000000f6800000)
  to   space 1024K, 0% used [0x00000000f6800000,0x00000000f6800000,0x00000000f6900000)
 ParOldGen       total 19968K, used 5972K [0x00000000e0200000, 0x00000000e1580000, 0x00000000f5600000)
  object space 19968K, 29% used [0x00000000e0200000,0x00000000e07d5160,0x00000000e1580000)
 Metaspace       used 15070K, capacity 15826K, committed 16000K, reserved 1064960K
  class space    used 1987K, capacity 2170K, committed 2176K, reserved 1048576K
GC Heap History (10 events):
Event: 4.506 GC heap before
{Heap before GC invocations=6 (full 0):
 PSYoungGen      total 18432K, used 18343K [0x00000000f5600000, 0x00000000f6900000, 0x0000000100000000)
  eden space 17408K, 100% used [0x00000000f5600000,0x00000000f6700000,0x00000000f6700000)
  from space 1024K, 91% used [0x00000000f6700000,0x00000000f67e9d98,0x00000000f6800000)
  to   space 1024K, 0% used [0x00000000f6800000,0x00000000f6800000,0x00000000f6900000)
 ParOldGen       total 22016K, used 2607K [0x00000000e0200000, 0x00000000e1780000, 0x00000000f5600000)
  object space 22016K, 11% used [0x00000000e0200000,0x00000000e048bcd8,0x00000000e1780000)
 Metaspace       used 8884K, capacity 9206K, committed 9472K, reserved 1056768K
  class space    used 1083K, capacity 1176K, committed 1280K, reserved 1048576K
Event: 4.515 GC heap after
Heap after GC invocations=6 (full 0):
 PSYoungGen      total 18432K, used 1022K [0x00000000f5600000, 0x00000000f6900000, 0x0000000100000000)
  eden space 17408K, 0% used [0x00000000f5600000,0x00000000f5600000,0x00000000f6700000)
  from space 1024K, 99% used [0x00000000f6800000,0x00000000f68ffaf8,0x00000000f6900000)
  to   space 1024K, 0% used [0x00000000f6700000,0x00000000f6700000,0x00000000f6800000)
 ParOldGen       total 22016K, used 4342K [0x00000000e0200000, 0x00000000e1780000, 0x00000000f5600000)
  object space 22016K, 19% used [0x00000000e0200000,0x00000000e063da70,0x00000000e1780000)
 Metaspace       used 8884K, capacity 9206K, committed 9472K, reserved 1056768K
  class space    used 1083K, capacity 1176K, committed 1280K, reserved 1048576K
}
Event: 5.598 GC heap before
{Heap before GC invocations=7 (full 0):
 PSYoungGen      total 18432K, used 18430K [0x00000000f5600000, 0x00000000f6900000, 0x0000000100000000)
  eden space 17408K, 100% used [0x00000000f5600000,0x00000000f6700000,0x00000000f6700000)
  from space 1024K, 99% used [0x00000000f6800000,0x00000000f68ffaf8,0x00000000f6900000)
  to   space 1024K, 0% used [0x00000000f6700000,0x00000000f6700000,0x00000000f6800000)
 ParOldGen       total 22016K, used 4342K [0x00000000e0200000, 0x00000000e1780000, 0x00000000f5600000)
  object space 22016K, 19% used [0x00000000e0200000,0x00000000e063da70,0x00000000e1780000)
 Metaspace       used 10914K, capacity 11480K, committed 11648K, reserved 1058816K
  class space    used 1408K, capacity 1549K, committed 1664K, reserved 1048576K
Event: 5.611 GC heap after
Heap after GC invocations=7 (full 0):
 PSYoungGen      total 18432K, used 1001K [0x00000000f5600000, 0x00000000f6900000, 0x0000000100000000)
  eden space 17408K, 0% used [0x00000000f5600000,0x00000000f5600000,0x00000000f6700000)
  from space 1024K, 97% used [0x00000000f6700000,0x00000000f67fa420,0x00000000f6800000)
  to   space 1024K, 0% used [0x00000000f6800000,0x00000000f6800000,0x00000000f6900000)
 ParOldGen       total 22016K, used 6554K [0x00000000e0200000, 0x00000000e1780000, 0x00000000f5600000)
  object space 22016K, 29% used [0x00000000e0200000,0x00000000e0866938,0x00000000e1780000)
 Metaspace       used 10914K, capacity 11480K, committed 11648K, reserved 1058816K
  class space    used 1408K, capacity 1549K, committed 1664K, reserved 1048576K
}
Event: 6.687 GC heap before
{Heap before GC invocations=8 (full 0):
 PSYoungGen      total 18432K, used 18395K [0x00000000f5600000, 0x00000000f6900000, 0x0000000100000000)
  eden space 17408K, 99% used [0x00000000f5600000,0x00000000f66fcb28,0x00000000f6700000)
  from space 1024K, 97% used [0x00000000f6700000,0x00000000f67fa420,0x00000000f6800000)
  to   space 1024K, 0% used [0x00000000f6800000,0x00000000f6800000,0x00000000f6900000)
 ParOldGen       total 22016K, used 6554K [0x00000000e0200000, 0x00000000e1780000, 0x00000000f5600000)
  object space 22016K, 29% used [0x00000000e0200000,0x00000000e0866938,0x00000000e1780000)
 Metaspace       used 13331K, capacity 14088K, committed 14208K, reserved 1060864K
  class space    used 1745K, capacity 1917K, committed 1920K, reserved 1048576K
Event: 6.716 GC heap after
Heap after GC invocations=8 (full 0):
 PSYoungGen      total 18432K, used 1024K [0x00000000f5600000, 0x00000000f6900000, 0x0000000100000000)
  eden space 17408K, 0% used [0x00000000f5600000,0x00000000f5600000,0x00000000f6700000)
  from space 1024K, 100% used [0x00000000f6800000,0x00000000f6900000,0x00000000f6900000)
  to   space 1024K, 0% used [0x00000000f6700000,0x00000000f6700000,0x00000000f6800000)
 ParOldGen       total 22016K, used 8905K [0x00000000e0200000, 0x00000000e1780000, 0x00000000f5600000)
  object space 22016K, 40% used [0x00000000e0200000,0x00000000e0ab2688,0x00000000e1780000)
 Metaspace       used 13331K, capacity 14088K, committed 14208K, reserved 1060864K
  class space    used 1745K, capacity 1917K, committed 1920K, reserved 1048576K
}
Event: 6.794 GC heap before
{Heap before GC invocations=9 (full 0):
 PSYoungGen      total 18432K, used 4178K [0x00000000f5600000, 0x00000000f6900000, 0x0000000100000000)
  eden space 17408K, 18% used [0x00000000f5600000,0x00000000f5914b88,0x00000000f6700000)
  from space 1024K, 100% used [0x00000000f6800000,0x00000000f6900000,0x00000000f6900000)
  to   space 1024K, 0% used [0x00000000f6700000,0x00000000f6700000,0x00000000f6800000)
 ParOldGen       total 22016K, used 8905K [0x00000000e0200000, 0x00000000e1780000, 0x00000000f5600000)
  object space 22016K, 40% used [0x00000000e0200000,0x00000000e0ab2688,0x00000000e1780000)
 Metaspace       used 13704K, capacity 14392K, committed 14592K, reserved 1069056K
  class space    used 1789K, capacity 1953K, committed 2048K, reserved 1048576K
Event: 6.800 GC heap after
Heap after GC invocations=9 (full 0):
 PSYoungGen      total 18432K, used 1024K [0x00000000f5600000, 0x00000000f6900000, 0x0000000100000000)
  eden space 17408K, 0% used [0x00000000f5600000,0x00000000f5600000,0x00000000f6700000)
  from space 1024K, 100% used [0x00000000f6700000,0x00000000f6800000,0x00000000f6800000)
  to   space 1024K, 0% used [0x00000000f6800000,0x00000000f6800000,0x00000000f6900000)
 ParOldGen       total 22016K, used 9350K [0x00000000e0200000, 0x00000000e1780000, 0x00000000f5600000)
  object space 22016K, 42% used [0x00000000e0200000,0x00000000e0b21ae8,0x00000000e1780000)
 Metaspace       used 13704K, capacity 14392K, committed 14592K, reserved 1069056K
  class space    used 1789K, capacity 1953K, committed 2048K, reserved 1048576K
}
Event: 6.800 GC heap before
{Heap before GC invocations=10 (full 1):
 PSYoungGen      total 18432K, used 1024K [0x00000000f5600000, 0x00000000f6900000, 0x0000000100000000)
  eden space 17408K, 0% used [0x00000000f5600000,0x00000000f5600000,0x00000000f6700000)
  from space 1024K, 100% used [0x00000000f6700000,0x00000000f6800000,0x00000000f6800000)
  to   space 1024K, 0% used [0x00000000f6800000,0x00000000f6800000,0x00000000f6900000)
 ParOldGen       total 22016K, used 9350K [0x00000000e0200000, 0x00000000e1780000, 0x00000000f5600000)
  object space 22016K, 42% used [0x00000000e0200000,0x00000000e0b21ae8,0x00000000e1780000)
 Metaspace       used 13704K, capacity 14392K, committed 14592K, reserved 1069056K
  class space    used 1789K, capacity 1953K, committed 2048K, reserved 1048576K
Event: 6.889 GC heap after
Heap after GC invocations=10 (full 1):
 PSYoungGen      total 18432K, used 0K [0x00000000f5600000, 0x00000000f6900000, 0x0000000100000000)
  eden space 17408K, 0% used [0x00000000f5600000,0x00000000f5600000,0x00000000f6700000)
  from space 1024K, 0% used [0x00000000f6700000,0x00000000f6700000,0x00000000f6800000)
  to   space 1024K, 0% used [0x00000000f6800000,0x00000000f6800000,0x00000000f6900000)
 ParOldGen       total 19968K, used 5972K [0x00000000e0200000, 0x00000000e1580000, 0x00000000f5600000)
  object space 19968K, 29% used [0x00000000e0200000,0x00000000e07d5160,0x00000000e1580000)
 Metaspace       used 13704K, capacity 14392K, committed 14592K, reserved 1064960K
  class space    used 1789K, capacity 1953K, committed 2048K, reserved 1048576K
}

